[INFO] Scanning for projects...
[INFO] 
[INFO] -------------------< com.campus:secondhand-backend >--------------------
[INFO] Building secondhand-backend 0.0.1-SNAPSHOT
[INFO]   from pom.xml
[INFO] --------------------------------[ jar ]---------------------------------
[INFO] 
[INFO] >>> spring-boot:3.3.2:run (default-cli) > test-compile @ secondhand-backend >>>
[INFO] 
[INFO] --- resources:3.3.1:resources (default-resources) @ secondhand-backend ---
[INFO] Copying 1 resource from src\main\resources to target\classes
[INFO] Copying 0 resource from src\main\resources to target\classes
[INFO] 
[INFO] --- compiler:3.13.0:compile (default-compile) @ secondhand-backend ---
[INFO] Nothing to compile - all classes are up to date.
[INFO] 
[INFO] --- resources:3.3.1:testResources (default-testResources) @ secondhand-backend ---
[INFO] skip non existing resourceDirectory D:\Users\White\Software Engineering\Software Project\src\test\resources
[INFO] 
[INFO] --- compiler:3.13.0:testCompile (default-testCompile) @ secondhand-backend ---
[INFO] Nothing to compile - all classes are up to date.
[INFO] 
[INFO] <<< spring-boot:3.3.2:run (default-cli) < test-compile @ secondhand-backend <<<
[INFO] 
[INFO] 
[INFO] --- spring-boot:3.3.2:run (default-cli) @ secondhand-backend ---
[INFO] Attaching agents: []

  .   ____          _            __ _ _
 /\\ / ___'_ __ _ _(_)_ __  __ _ \ \ \ \
( ( )\___ | '_ | '_| | '_ \/ _` | \ \ \ \
 \\/  ___)| |_)| | | | | || (_| |  ) ) ) )
  '  |____| .__|_| |_|_| |_\__, | / / / /
 =========|_|==============|___/=/_/_/_/

 :: Spring Boot ::                (v3.3.2)

2026-03-25T21:35:45.697+08:00  INFO 27912 --- [campus-secondhand-backend] [           main] c.c.s.CampusSecondhandApplication        : Starting CampusSecondhandApplication using Java 17.0.17 with PID 27912 (D:\Users\White\Software Engineering\Software Project\target\classes started by White in D:\Users\White\Software Engineering\Software Project)
2026-03-25T21:35:45.701+08:00  INFO 27912 --- [campus-secondhand-backend] [           main] c.c.s.CampusSecondhandApplication        : No active profile set, falling back to 1 default profile: "default"
2026-03-25T21:35:48.280+08:00  INFO 27912 --- [campus-secondhand-backend] [           main] o.s.b.w.embedded.tomcat.TomcatWebServer  : Tomcat initialized with port 8080 (http)
2026-03-25T21:35:48.312+08:00  INFO 27912 --- [campus-secondhand-backend] [           main] o.apache.catalina.core.StandardService   : Starting service [Tomcat]
2026-03-25T21:35:48.312+08:00  INFO 27912 --- [campus-secondhand-backend] [           main] o.apache.catalina.core.StandardEngine    : Starting Servlet engine: [Apache Tomcat/10.1.26]
2026-03-25T21:35:48.504+08:00  INFO 27912 --- [campus-secondhand-backend] [           main] o.a.c.c.C.[Tomcat].[localhost].[/]       : Initializing Spring embedded WebApplicationContext
2026-03-25T21:35:48.505+08:00  INFO 27912 --- [campus-secondhand-backend] [           main] w.s.c.ServletWebServerApplicationContext : Root WebApplicationContext: initialization completed in 2723 ms
Logging initialized using 'class org.apache.ibatis.logging.stdout.StdOutImpl' adapter.
Get /198.18.0.1 network interface 
Get network interface info: name:net8 (Clash Tunnel)
Initialization Sequence datacenterId:0 workerId:5
2026-03-25T21:35:50.741+08:00  WARN 27912 --- [campus-secondhand-backend] [           main] .s.s.UserDetailsServiceAutoConfiguration : 

Using generated security password: 537945e5-cc1d-4796-851a-0701eb3a4113

This generated password is for development use only. Your security configuration must be updated before running your application in production.

2026-03-25T21:35:50.756+08:00  INFO 27912 --- [campus-secondhand-backend] [           main] r$InitializeUserDetailsManagerConfigurer : Global AuthenticationManager configured with UserDetailsService bean with name inMemoryUserDetailsManager
2026-03-25T21:35:51.537+08:00  INFO 27912 --- [campus-secondhand-backend] [           main] o.s.b.w.embedded.tomcat.TomcatWebServer  : Tomcat started on port 8080 (http) with context path '/'
2026-03-25T21:35:51.547+08:00  INFO 27912 --- [campus-secondhand-backend] [           main] c.c.s.CampusSecondhandApplication        : Started CampusSecondhandApplication in 6.545 seconds (process running for 7.331)
