[INFO] Scanning for projects...
[INFO] 
[INFO] -------------------< com.campus:secondhand-backend >--------------------
[INFO] Building secondhand-backend 0.0.1-SNAPSHOT
[INFO]   from pom.xml
[INFO] --------------------------------[ jar ]---------------------------------
[INFO] 
[INFO] >>> spring-boot:3.3.2:run (default-cli) > test-compile @ secondhand-backend >>>
[INFO] 
[INFO] --- resources:3.3.1:resources (default-resources) @ secondhand-backend ---
[INFO] Copying 1 resource from src\main\resources to target\classes
[INFO] Copying 0 resource from src\main\resources to target\classes
[INFO] 
[INFO] --- compiler:3.13.0:compile (default-compile) @ secondhand-backend ---
[INFO] Nothing to compile - all classes are up to date.
[INFO] 
[INFO] --- resources:3.3.1:testResources (default-testResources) @ secondhand-backend ---
[INFO] skip non existing resourceDirectory D:\Users\White\Software Engineering\Software Project\src\test\resources
[INFO] 
[INFO] --- compiler:3.13.0:testCompile (default-testCompile) @ secondhand-backend ---
[INFO] Nothing to compile - all classes are up to date.
[INFO] 
[INFO] <<< spring-boot:3.3.2:run (default-cli) < test-compile @ secondhand-backend <<<
[INFO] 
[INFO] 
[INFO] --- spring-boot:3.3.2:run (default-cli) @ secondhand-backend ---
[INFO] Attaching agents: []

  .   ____          _            __ _ _
 /\\ / ___'_ __ _ _(_)_ __  __ _ \ \ \ \
( ( )\___ | '_ | '_| | '_ \/ _` | \ \ \ \
 \\/  ___)| |_)| | | | | || (_| |  ) ) ) )
  '  |____| .__|_| |_|_| |_\__, | / / / /
 =========|_|==============|___/=/_/_/_/

 :: Spring Boot ::                (v3.3.2)

2026-03-25T21:40:07.195+08:00  INFO 38556 --- [campus-secondhand-backend] [           main] c.c.s.CampusSecondhandApplication        : Starting CampusSecondhandApplication using Java 17.0.17 with PID 38556 (D:\Users\White\Software Engineering\Software Project\target\classes started by White in D:\Users\White\Software Engineering\Software Project)
2026-03-25T21:40:07.197+08:00  INFO 38556 --- [campus-secondhand-backend] [           main] c.c.s.CampusSecondhandApplication        : No active profile set, falling back to 1 default profile: "default"
