[INFO] Scanning for projects...
[INFO] 
[INFO] -------------------< com.campus:secondhand-backend >--------------------
[INFO] Building secondhand-backend 0.0.1-SNAPSHOT
[INFO]   from pom.xml
[INFO] --------------------------------[ jar ]---------------------------------
[INFO] 
[INFO] >>> spring-boot:3.3.2:run (default-cli) > test-compile @ secondhand-backend >>>
[INFO] 
[INFO] --- resources:3.3.1:resources (default-resources) @ secondhand-backend ---
[INFO] Copying 1 resource from src\main\resources to target\classes
[INFO] Copying 0 resource from src\main\resources to target\classes
[INFO] 
[INFO] --- compiler:3.13.0:compile (default-compile) @ secondhand-backend ---
[INFO] Nothing to compile - all classes are up to date.
[INFO] 
[INFO] --- resources:3.3.1:testResources (default-testResources) @ secondhand-backend ---
[INFO] skip non existing resourceDirectory D:\Users\White\Software Engineering\Software Project\src\test\resources
[INFO] 
[INFO] --- compiler:3.13.0:testCompile (default-testCompile) @ secondhand-backend ---
[INFO] Nothing to compile - all classes are up to date.
[INFO] 
[INFO] <<< spring-boot:3.3.2:run (default-cli) < test-compile @ secondhand-backend <<<
[INFO] 
[INFO] 
[INFO] --- spring-boot:3.3.2:run (default-cli) @ secondhand-backend ---
[INFO] Attaching agents: []

  .   ____          _            __ _ _
 /\\ / ___'_ __ _ _(_)_ __  __ _ \ \ \ \
( ( )\___ | '_ | '_| | '_ \/ _` | \ \ \ \
 \\/  ___)| |_)| | | | | || (_| |  ) ) ) )
  '  |____| .__|_| |_|_| |_\__, | / / / /
 =========|_|==============|___/=/_/_/_/

 :: Spring Boot ::                (v3.3.2)

2026-03-25T22:06:11.395+08:00  INFO 35228 --- [campus-secondhand-backend] [           main] c.c.s.CampusSecondhandApplication        : Starting CampusSecondhandApplication using Java 17.0.17 with PID 35228 (D:\Users\White\Software Engineering\Software Project\target\classes started by White in D:\Users\White\Software Engineering\Software Project)
2026-03-25T22:06:11.398+08:00  INFO 35228 --- [campus-secondhand-backend] [           main] c.c.s.CampusSecondhandApplication        : No active profile set, falling back to 1 default profile: "default"
2026-03-25T22:06:12.522+08:00  INFO 35228 --- [campus-secondhand-backend] [           main] o.s.b.w.embedded.tomcat.TomcatWebServer  : Tomcat initialized with port 8080 (http)
2026-03-25T22:06:12.531+08:00  INFO 35228 --- [campus-secondhand-backend] [           main] o.apache.catalina.core.StandardService   : Starting service [Tomcat]
2026-03-25T22:06:12.531+08:00  INFO 35228 --- [campus-secondhand-backend] [           main] o.apache.catalina.core.StandardEngine    : Starting Servlet engine: [Apache Tomcat/10.1.26]
2026-03-25T22:06:12.603+08:00  INFO 35228 --- [campus-secondhand-backend] [           main] o.a.c.c.C.[Tomcat].[localhost].[/]       : Initializing Spring embedded WebApplicationContext
2026-03-25T22:06:12.604+08:00  INFO 35228 --- [campus-secondhand-backend] [           main] w.s.c.ServletWebServerApplicationContext : Root WebApplicationContext: initialization completed in 1177 ms
Logging initialized using 'class org.apache.ibatis.logging.stdout.StdOutImpl' adapter.
Get /198.18.0.1 network interface 
Get network interface info: name:net8 (Clash Tunnel)
Initialization Sequence datacenterId:0 workerId:6
2026-03-25T22:06:13.687+08:00  WARN 35228 --- [campus-secondhand-backend] [           main] .s.s.UserDetailsServiceAutoConfiguration : 

Using generated security password: e1787de0-be6c-477b-8d8a-806d991d9c91

This generated password is for development use only. Your security configuration must be updated before running your application in production.

2026-03-25T22:06:13.693+08:00  INFO 35228 --- [campus-secondhand-backend] [           main] r$InitializeUserDetailsManagerConfigurer : Global AuthenticationManager configured with UserDetailsService bean with name inMemoryUserDetailsManager
2026-03-25T22:06:14.203+08:00  INFO 35228 --- [campus-secondhand-backend] [           main] o.s.b.w.embedded.tomcat.TomcatWebServer  : Tomcat started on port 8080 (http) with context path '/'
2026-03-25T22:06:14.210+08:00  INFO 35228 --- [campus-secondhand-backend] [           main] c.c.s.CampusSecondhandApplication        : Started CampusSecondhandApplication in 3.108 seconds (process running for 3.446)
2026-03-25T22:06:28.205+08:00  INFO 35228 --- [campus-secondhand-backend] [nio-8080-exec-1] o.a.c.c.C.[Tomcat].[localhost].[/]       : Initializing Spring DispatcherServlet 'dispatcherServlet'
2026-03-25T22:06:28.205+08:00  INFO 35228 --- [campus-secondhand-backend] [nio-8080-exec-1] o.s.web.servlet.DispatcherServlet        : Initializing Servlet 'dispatcherServlet'
2026-03-25T22:06:28.206+08:00  INFO 35228 --- [campus-secondhand-backend] [nio-8080-exec-1] o.s.web.servlet.DispatcherServlet        : Completed initialization in 1 ms
Creating a new SqlSession
SqlSession [org.apache.ibatis.session.defaults.DefaultSqlSession@538faf93] was not registered for synchronization because synchronization is not active
2026-03-25T22:06:28.260+08:00  INFO 35228 --- [campus-secondhand-backend] [nio-8080-exec-1] com.zaxxer.hikari.HikariDataSource       : HikariPool-1 - Starting...
2026-03-25T22:06:28.394+08:00  INFO 35228 --- [campus-secondhand-backend] [nio-8080-exec-1] com.zaxxer.hikari.pool.HikariPool        : HikariPool-1 - Added connection com.mysql.cj.jdbc.ConnectionImpl@368305e7
2026-03-25T22:06:28.397+08:00  INFO 35228 --- [campus-secondhand-backend] [nio-8080-exec-1] com.zaxxer.hikari.HikariDataSource       : HikariPool-1 - Start completed.
JDBC Connection [HikariProxyConnection@1776228403 wrapping com.mysql.cj.jdbc.ConnectionImpl@368305e7] will not be managed by Spring
==>  Preparing: SELECT * FROM item_categories WHERE is_enabled = 1 ORDER BY sort_order ASC, category_id ASC
==> Parameters: 
<==    Columns: category_id, parent_id, category_code, category_name, sort_order, is_enabled, created_at, updated_at
<==        Row: 1, null, digital_devices, ĘýÂëÉč±¸, 10, 1, 2026-03-23 11:27:16, 2026-03-23 11:30:17
<==        Row: 2, null, books_notes, ˝Ě˛ÄĘéĽ®, 20, 1, 2026-03-23 11:27:16, 2026-03-23 11:30:17
<==        Row: 3, null, sports_goods, ÔË¶ŻÓĂĆ·, 30, 1, 2026-03-23 11:27:16, 2026-03-23 11:30:17
<==        Row: 4, null, dorm_supplies, ËŢÉáÓĂĆ·, 40, 1, 2026-03-23 11:27:16, 2026-03-23 11:30:17
<==        Row: 5, null, daily_use, ČŐłŁÉú»î, 50, 1, 2026-03-23 11:27:16, 2026-03-23 11:30:17
<==        Row: 6, null, tickets_cards, Ć±ČŻż¨ČŻ, 60, 1, 2026-03-23 11:27:16, 2026-03-23 11:30:17
<==      Total: 6
Closing non transactional SqlSession [org.apache.ibatis.session.defaults.DefaultSqlSession@538faf93]
